2022-12-07 15:16:10:1610 - [32minfo[39m: [32maplicação rodando na porta 3000 [39m
2022-12-07 15:16:24:1624 - [32minfo[39m: [32maplicação rodando na porta 3000 [39m
2022-12-07 15:16:30:1630 - [32minfo[39m: [32maplicação rodando na porta 3000 [39m
2022-12-07 15:17:32:1732 - [31merror[39m: [31merro na conecção Error: querySrv ENOTFOUND _mongodb._tcp.restfulapibanco.lq7ds.mongodb.net[39m
2022-12-07 15:17:32:1732 - [32minfo[39m: [32maplicação rodando na porta 3000 [39m
2022-12-07 15:18:00:180 - [32minfo[39m: [32mconectado a o mongoAtlas[39m
2022-12-07 15:18:00:180 - [32minfo[39m: [32maplicação rodando na porta 3000 [39m
2022-12-07 15:18:06:186 - [32minfo[39m: [32mconectado a o mongoAtlas[39m
2022-12-07 15:18:06:186 - [32minfo[39m: [32maplicação rodando na porta 3000 [39m
2022-12-07 15:19:30:1930 - [32minfo[39m: [32mconectado a o mongoAtlas[39m
2022-12-07 15:19:30:1930 - [32minfo[39m: [32maplicação rodando na porta 3000 [39m
2022-12-07 16:35:09:359 - [32minfo[39m: [32mconectado a o mongoAtlas[39m
2022-12-07 16:35:09:359 - [32minfo[39m: [32maplicação rodando na porta 3000 [39m
2022-12-07 16:36:01:361 - [32minfo[39m: [32mconectado a o mongoAtlas[39m
2022-12-07 16:36:01:361 - [32minfo[39m: [32maplicação rodando na porta 3000 [39m
2022-12-07 16:36:03:363 - [35mhttp[39m: [35mGET /api/test 200 9 - 4.139 ms[39m
[35m[39m
2022-12-07 17:01:53:153 - [32minfo[39m: [32mconectado a o mongoAtlas[39m
2022-12-07 17:01:53:153 - [32minfo[39m: [32maplicação rodando na porta 3000 [39m
2022-12-07 17:02:55:255 - [35mhttp[39m: [35mGET /api/movie 404 148 - 4.949 ms[39m
[35m[39m
2022-12-07 17:03:09:39 - [35mhttp[39m: [35mPOST /api/movie 200 73 - 3.371 ms[39m
[35m[39m
2022-12-07 17:04:08:48 - [35mhttp[39m: [35mPOST /api/movie 200 73 - 19.001 ms[39m
[35m[39m
2022-12-07 17:04:25:425 - [35mhttp[39m: [35mPOST /api/movie 200 73 - 1.288 ms[39m
[35m[39m
2022-12-07 17:04:47:447 - [32minfo[39m: [32mconectado a o mongoAtlas[39m
2022-12-07 17:04:47:447 - [32minfo[39m: [32maplicação rodando na porta 3000 [39m
2022-12-07 17:04:50:450 - [35mhttp[39m: [35mGET /api/movie 200 73 - 26.808 ms[39m
[35m[39m
2022-12-07 17:05:06:56 - [35mhttp[39m: [35mGET /api/movie 200 73 - 2.198 ms[39m
[35m[39m
2022-12-07 17:09:44:944 - [32minfo[39m: [32mconectado a o mongoAtlas[39m
2022-12-07 17:09:44:944 - [32minfo[39m: [32maplicação rodando na porta 3000 [39m
2022-12-07 17:10:07:107 - [32minfo[39m: [32mconectado a o mongoAtlas[39m
2022-12-07 17:10:07:107 - [32minfo[39m: [32maplicação rodando na porta 3000 [39m
2022-12-07 17:10:36:1036 - [35mhttp[39m: [35mGET /api/movie 200 183 - 93.193 ms[39m
[35m[39m
2022-12-08 00:20:27:2027 - [32minfo[39m: [32mconectado a o mongoAtlas[39m
2022-12-08 00:20:27:2027 - [32minfo[39m: [32maplicação rodando na porta 3000 [39m
